<?xml version="1.0" encoding="UTF-8"?>
<!-- Generated by org.testng.reporters.JUnitXMLReporter -->
<testsuite ignored="0" hostname="DESKTOP-MIGUEL" failures="0" tests="21" name="Command line test" time="3.457" errors="0" timestamp="2021-09-16T22:50:30 PET">
  <testcase classname="EjemploVehiculoTest" name="StressTest01" time="0.992"/>
  <testcase classname="EjemploVehiculoTest" name="StressTest01" time="1.017"/>
  <testcase classname="EjemploVehiculoTest" name="StressTest01" time="1.016"/>
  <testcase classname="EjemploVehiculoTest" name="StressTest01" time="1.064"/>
  <testcase classname="EjemploVehiculoTest" name="StressTest01" time="1.109"/>
  <testcase classname="EjemploVehiculoTest" name="StressTest01" time="1.112"/>
  <testcase classname="EjemploVehiculoTest" name="StressTest01" time="1.186"/>
  <testcase classname="EjemploVehiculoTest" name="StressTest01" time="1.227"/>
  <testcase classname="EjemploVehiculoTest" name="StressTest01" time="1.236"/>
  <testcase classname="EjemploVehiculoTest" name="StressTest01" time="1.246"/>
  <testcase classname="EjemploVehiculoTest" name="StressTest02" time="0.989"/>
  <testcase classname="EjemploVehiculoTest" name="StressTest02" time="1.0"/>
  <testcase classname="EjemploVehiculoTest" name="StressTest02" time="1.063"/>
  <testcase classname="EjemploVehiculoTest" name="StressTest02" time="1.108"/>
  <testcase classname="EjemploVehiculoTest" name="StressTest02" time="1.155"/>
  <testcase classname="EjemploVehiculoTest" name="StressTest02" time="1.163"/>
  <testcase classname="EjemploVehiculoTest" name="StressTest02" time="1.185"/>
  <testcase classname="EjemploVehiculoTest" name="StressTest02" time="1.186"/>
  <testcase classname="EjemploVehiculoTest" name="StressTest02" time="1.216"/>
  <testcase classname="EjemploVehiculoTest" name="StressTest02" time="1.25"/>
  <testcase classname="EjemploVehiculoTest" name="Test01" time="0.873"/>
</testsuite> <!-- Command line test -->
