<?xml version="1.0" encoding="UTF-8" ?>
<testsuite tests="21" failures="0" name="EjemploVehiculoTest" time="23.352" errors="0" skipped="0">
  <properties>
[...]
</properties>
  <testcase classname="EjemploVehiculoTest" name="StressTest01" time="0.993"/>
  <testcase classname="EjemploVehiculoTest" name="StressTest01" time="1.014"/>
  <testcase classname="EjemploVehiculoTest" name="StressTest01" time="1.014"/>
  <testcase classname="EjemploVehiculoTest" name="StressTest01" time="1.061"/>
  <testcase classname="EjemploVehiculoTest" name="StressTest01" time="1.105"/>
  <testcase classname="EjemploVehiculoTest" name="StressTest01" time="1.108"/>
  <testcase classname="EjemploVehiculoTest" name="StressTest01" time="1.183"/>
  <testcase classname="EjemploVehiculoTest" name="StressTest01" time="1.224"/>
  <testcase classname="EjemploVehiculoTest" name="StressTest01" time="1.233"/>
  <testcase classname="EjemploVehiculoTest" name="StressTest01" time="1.242"/>
  <testcase classname="EjemploVehiculoTest" name="StressTest02" time="0.988"/>
  <testcase classname="EjemploVehiculoTest" name="StressTest02" time="0.999"/>
  <testcase classname="EjemploVehiculoTest" name="StressTest02" time="1.061"/>
  <testcase classname="EjemploVehiculoTest" name="StressTest02" time="1.107"/>
  <testcase classname="EjemploVehiculoTest" name="StressTest02" time="1.153"/>
  <testcase classname="EjemploVehiculoTest" name="StressTest02" time="1.161"/>
  <testcase classname="EjemploVehiculoTest" name="StressTest02" time="1.183"/>
  <testcase classname="EjemploVehiculoTest" name="StressTest02" time="1.185"/>
  <testcase classname="EjemploVehiculoTest" name="StressTest02" time="1.216"/>
  <testcase classname="EjemploVehiculoTest" name="StressTest02" time="1.249"/>
  <testcase classname="EjemploVehiculoTest" name="Test01" time="0.873"/>
</testsuite>